<?xml version="1.0" encoding="UTF-8"?>
<!-- Generated by org.testng.reporters.JUnitXMLReporter -->
<testsuite ignored="1" hostname="DESKTOP-KB64JHN" failures="0" tests="2" name="Test" time="18.137" errors="0" timestamp="2024-08-28T16:15:56 IST">
  <testcase classname="TestCases.amazonLoginPage" name="Invalid_user_name" time="2.041"/>
  <testcase classname="TestCases.amazonLoginPage" name="Valid_loginData" time="8.269"/>
  <testcase classname="TestCases.amazonLoginPage" name="Invalid_Password" time="0.0">
    <ignored/>
  </testcase> <!-- Invalid_Password -->
</testsuite> <!-- Test -->
