<?xml version="1.0" encoding="UTF-8"?>
<!-- Generated by org.testng.reporters.JUnitXMLReporter -->
<testsuite ignored="11" hostname="DESKTOP-KB64JHN" failures="0" tests="4" name="Test" time="10.148" errors="0" timestamp="2024-09-03T15:26:17 IST">
  <testcase classname="TestCases.amazonLoginPage" name="Valid_loginData" time="5.379"/>
  <testcase classname="TestCases.amazonHomePage" name="verifyHomePage" time="2.534"/>
  <testcase classname="TestCases.amazonSearchPage" name="verifyAmazonSearch" time="2.16"/>
  <testcase classname="TestCases.amazonSearchPage" name="verifyHomePage" time="0.014"/>
  <testcase classname="TestCases.amazonLoginPage" name="Invalid_Password" time="0.0">
    <ignored/>
  </testcase> <!-- Invalid_Password -->
  <testcase classname="TestCases.amazonLoginPage" name="Invalid_Password" time="0.0">
    <ignored/>
  </testcase> <!-- Invalid_Password -->
  <testcase classname="TestCases.amazonLoginPage" name="Invalid_user_name" time="0.0">
    <ignored/>
  </testcase> <!-- Invalid_user_name -->
  <testcase classname="TestCases.amazonLoginPage" name="Valid_loginData" time="0.0">
    <ignored/>
  </testcase> <!-- Valid_loginData -->
  <testcase classname="TestCases.amazonLoginPage" name="Invalid_user_name" time="0.0">
    <ignored/>
  </testcase> <!-- Invalid_user_name -->
  <testcase classname="TestCases.amazonLoginPage" name="Invalid_Password" time="0.0">
    <ignored/>
  </testcase> <!-- Invalid_Password -->
  <testcase classname="TestCases.amazonLoginPage" name="Invalid_user_name" time="0.0">
    <ignored/>
  </testcase> <!-- Invalid_user_name -->
  <testcase classname="Base.BaseTest" name="@BeforeSuite setup" time="0.0">
    <ignored/>
  </testcase> <!-- @BeforeSuite setup -->
  <testcase classname="TestCases.amazonHomePage" name="verifyDeliveryAddress" time="0.0">
    <ignored/>
  </testcase> <!-- verifyDeliveryAddress -->
  <testcase classname="Base.BaseTest" name="@BeforeSuite setup" time="0.0">
    <ignored/>
  </testcase> <!-- @BeforeSuite setup -->
  <testcase classname="TestCases.amazonLoginPage" name="Valid_loginData" time="0.0">
    <ignored/>
  </testcase> <!-- Valid_loginData -->
</testsuite> <!-- Test -->
