<?xml version="1.0" encoding="UTF-8"?>
<testng-results ignored="0" total="1" passed="1" failed="0" skipped="0">
  <reporter-output>
  </reporter-output>
  <suite started-at="2024-08-22T17:45:48 IST" name="Suite" finished-at="2024-08-22T17:45:52 IST" duration-ms="4409">
    <groups>
    </groups>
    <test started-at="2024-08-22T17:45:48 IST" name="Test" finished-at="2024-08-22T17:45:52 IST" duration-ms="4409">
      <class name="TestCases.amazonLoginPage">
        <test-method is-config="true" signature="setup()[pri:0, instance:TestCases.amazonLoginPage@53045c6c]" started-at="2024-08-22T17:45:48 IST" name="setup" finished-at="2024-08-22T17:45:51 IST" duration-ms="3528" status="PASS">
          <reporter-output>
          </reporter-output>
        </test-method> <!-- setup -->
        <test-method signature="login()[pri:0, instance:TestCases.amazonLoginPage@53045c6c]" started-at="2024-08-22T17:45:51 IST" name="login" finished-at="2024-08-22T17:45:52 IST" duration-ms="838" status="PASS">
          <reporter-output>
          </reporter-output>
        </test-method> <!-- login -->
      </class> <!-- TestCases.amazonLoginPage -->
    </test> <!-- Test -->
  </suite> <!-- Suite -->
</testng-results>
