<?xml version="1.0" encoding="UTF-8"?>
<testng-results ignored="0" total="4" passed="4" failed="0" skipped="0">
  <reporter-output>
  </reporter-output>
  <suite started-at="2024-09-03T15:26:07 IST" name="Suite" finished-at="2024-09-03T15:26:17 IST" duration-ms="10148">
    <groups>
    </groups>
    <test started-at="2024-09-03T15:26:07 IST" name="Test" finished-at="2024-09-03T15:26:17 IST" duration-ms="10148">
      <class name="TestCases.amazonHomePage">
        <test-method signature="verifyHomePage()[pri:0, instance:TestCases.amazonHomePage@d737b89]" started-at="2024-09-03T15:26:13 IST" name="verifyHomePage" finished-at="2024-09-03T15:26:15 IST" duration-ms="2534" status="PASS">
          <reporter-output>
          </reporter-output>
        </test-method> <!-- verifyHomePage -->
      </class> <!-- TestCases.amazonHomePage -->
      <class name="TestCases.amazonLoginPage">
        <test-method is-config="true" signature="setup()[pri:0, instance:TestCases.amazonLoginPage@79e4c792]" started-at="2024-09-03T15:26:04 IST" name="setup" finished-at="2024-09-03T15:26:07 IST" duration-ms="3195" status="PASS">
          <reporter-output>
          </reporter-output>
        </test-method> <!-- setup -->
        <test-method signature="Valid_loginData()[pri:3, instance:TestCases.amazonLoginPage@79e4c792]" started-at="2024-09-03T15:26:07 IST" name="Valid_loginData" finished-at="2024-09-03T15:26:13 IST" duration-ms="5379" status="PASS">
          <reporter-output>
          </reporter-output>
        </test-method> <!-- Valid_loginData -->
      </class> <!-- TestCases.amazonLoginPage -->
      <class name="TestCases.amazonSearchPage">
        <test-method signature="verifyAmazonSearch()[pri:0, instance:TestCases.amazonSearchPage@8519cb4]" started-at="2024-09-03T15:26:15 IST" name="verifyAmazonSearch" finished-at="2024-09-03T15:26:17 IST" duration-ms="2160" status="PASS">
          <reporter-output>
          </reporter-output>
        </test-method> <!-- verifyAmazonSearch -->
        <test-method signature="verifyHomePage()[pri:0, instance:TestCases.amazonSearchPage@8519cb4]" started-at="2024-09-03T15:26:17 IST" name="verifyHomePage" finished-at="2024-09-03T15:26:17 IST" duration-ms="14" status="PASS">
          <reporter-output>
          </reporter-output>
        </test-method> <!-- verifyHomePage -->
      </class> <!-- TestCases.amazonSearchPage -->
    </test> <!-- Test -->
  </suite> <!-- Suite -->
</testng-results>
