<?xml version="1.0" encoding="UTF-8"?>
<testng-results ignored="0" total="1" passed="1" failed="0" skipped="0">
  <reporter-output>
  </reporter-output>
  <suite started-at="2024-08-22T15:52:46 IST" name="Default suite" finished-at="2024-08-22T15:52:54 IST" duration-ms="7771">
    <groups>
    </groups>
    <test started-at="2024-08-22T15:52:46 IST" name="Default test" finished-at="2024-08-22T15:52:54 IST" duration-ms="7771">
      <class name="TestCases.amazonLoginPage">
        <test-method signature="login()[pri:0, instance:TestCases.amazonLoginPage@1e6a3214]" started-at="2024-08-22T15:52:46 IST" name="login" finished-at="2024-08-22T15:52:54 IST" duration-ms="7721" status="PASS">
          <reporter-output>
          </reporter-output>
        </test-method> <!-- login -->
      </class> <!-- TestCases.amazonLoginPage -->
    </test> <!-- Default test -->
  </suite> <!-- Default suite -->
</testng-results>
